Mon Jun 01 2020 15:51:57 GMT+0530 (India Standard Time) - POST - /notes 
Mon Jun 01 2020 15:52:02 GMT+0530 (India Standard Time) - POST - /notes 
Mon Jun 01 2020 15:52:06 GMT+0530 (India Standard Time) - POST - /notes 
Mon Jun 01 2020 15:52:09 GMT+0530 (India Standard Time) - POST - /notes 
Mon Jun 01 2020 15:52:12 GMT+0530 (India Standard Time) - POST - /notes 
Mon Jun 01 2020 15:52:16 GMT+0530 (India Standard Time) - POST - /notes 
Mon Jun 01 2020 15:52:43 GMT+0530 (India Standard Time) - POST - /notes 
Mon Jun 01 2020 15:53:23 GMT+0530 (India Standard Time) - POST - /notes 
Mon Jun 01 2020 15:53:39 GMT+0530 (India Standard Time) - POST - /notes 
Mon Jun 01 2020 15:53:58 GMT+0530 (India Standard Time) - POST - /getnotes 
Mon Jun 01 2020 15:54:11 GMT+0530 (India Standard Time) - POST - /notes 
Mon Jun 01 2020 15:54:31 GMT+0530 (India Standard Time) - POST - /getnotes 
Mon Jun 01 2020 15:54:36 GMT+0530 (India Standard Time) - POST - /notes 
Mon Jun 01 2020 15:54:42 GMT+0530 (India Standard Time) - POST - /getnotes 
Mon Jun 01 2020 15:55:58 GMT+0530 (India Standard Time) - POST - /notes 
Mon Jun 01 2020 15:56:08 GMT+0530 (India Standard Time) - POST - /getnotes 
Mon Jun 01 2020 15:56:52 GMT+0530 (India Standard Time) - POST - /getnotes 
Mon Jun 01 2020 15:57:13 GMT+0530 (India Standard Time) - POST - /getnotes 
Mon Jun 01 2020 16:02:15 GMT+0530 (India Standard Time) - POST - /getnotes 
Mon Jun 01 2020 16:04:15 GMT+0530 (India Standard Time) - POST - /getnotes 
Thu Apr 08 2021 15:49:08 GMT+0530 (India Standard Time) - POST - /signup 
Thu Apr 08 2021 15:50:04 GMT+0530 (India Standard Time) - POST - /signup 
Thu Apr 08 2021 15:53:51 GMT+0530 (India Standard Time) - GET - /login 
Thu Apr 08 2021 16:03:24 GMT+0530 (India Standard Time) - GET - /login 
Thu Apr 08 2021 16:06:59 GMT+0530 (India Standard Time) - GET - /login 
Thu Apr 08 2021 16:07:34 GMT+0530 (India Standard Time) - GET - /login 
Thu Apr 08 2021 16:09:41 GMT+0530 (India Standard Time) - GET - /login 
Thu Apr 08 2021 16:12:29 GMT+0530 (India Standard Time) - GET - /login 
Thu Apr 08 2021 16:13:07 GMT+0530 (India Standard Time) - GET - /login 
Thu Apr 08 2021 16:14:09 GMT+0530 (India Standard Time) - GET - /login 
Thu Apr 08 2021 16:27:33 GMT+0530 (India Standard Time) - POST - /signup 
Thu Apr 08 2021 16:29:05 GMT+0530 (India Standard Time) - POST - /signup 
Thu Apr 08 2021 16:29:44 GMT+0530 (India Standard Time) - GET - /tablets 
Thu Apr 08 2021 16:30:06 GMT+0530 (India Standard Time) - POST - /signup 
Thu Apr 08 2021 16:30:49 GMT+0530 (India Standard Time) - POST - /signup 
Thu Apr 08 2021 16:51:52 GMT+0530 (India Standard Time) - POST - /signup 
Thu Apr 08 2021 16:52:31 GMT+0530 (India Standard Time) - POST - /signup 
Fri Apr 09 2021 09:19:06 GMT+0530 (India Standard Time) - POST - /signup 
Fri Apr 09 2021 09:21:02 GMT+0530 (India Standard Time) - POST - /signup 
Fri Apr 09 2021 09:21:25 GMT+0530 (India Standard Time) - POST - /signup 
Fri Apr 09 2021 09:21:55 GMT+0530 (India Standard Time) - POST - /signup 
Fri Apr 09 2021 09:22:28 GMT+0530 (India Standard Time) - POST - /signup 
Fri Apr 09 2021 09:22:34 GMT+0530 (India Standard Time) - POST - /signup 
Fri Apr 09 2021 09:24:33 GMT+0530 (India Standard Time) - POST - /signup 
Fri Apr 09 2021 09:25:03 GMT+0530 (India Standard Time) - POST - /signup 
Fri Apr 09 2021 09:25:35 GMT+0530 (India Standard Time) - POST - /signup 
Fri Apr 09 2021 09:27:17 GMT+0530 (India Standard Time) - POST - /signup 
Fri Apr 09 2021 09:28:07 GMT+0530 (India Standard Time) - POST - /signup 
Fri Apr 09 2021 09:28:25 GMT+0530 (India Standard Time) - POST - /signup 
Fri Apr 09 2021 09:29:01 GMT+0530 (India Standard Time) - POST - /signup 
Fri Apr 09 2021 09:29:51 GMT+0530 (India Standard Time) - POST - /signup 
Fri Apr 09 2021 09:31:38 GMT+0530 (India Standard Time) - POST - /signup 
Fri Apr 09 2021 09:32:08 GMT+0530 (India Standard Time) - POST - /signup 
Fri Apr 09 2021 09:32:55 GMT+0530 (India Standard Time) - POST - /signup 
Fri Apr 09 2021 09:33:27 GMT+0530 (India Standard Time) - POST - /signup 
Fri Apr 09 2021 09:33:46 GMT+0530 (India Standard Time) - POST - /signup 
Fri Apr 09 2021 09:34:33 GMT+0530 (India Standard Time) - POST - /signup 
Fri Apr 09 2021 09:36:02 GMT+0530 (India Standard Time) - POST - /signup 
Fri Apr 09 2021 09:36:28 GMT+0530 (India Standard Time) - POST - /signup 
Fri Apr 09 2021 09:36:37 GMT+0530 (India Standard Time) - POST - /tablets 
Fri Apr 09 2021 09:36:49 GMT+0530 (India Standard Time) - GET - /tablets 
Fri Apr 09 2021 09:46:24 GMT+0530 (India Standard Time) - POST - /carts 
Fri Apr 09 2021 09:47:08 GMT+0530 (India Standard Time) - POST - /carts 
Fri Apr 09 2021 09:47:27 GMT+0530 (India Standard Time) - POST - /carts 
Fri Apr 09 2021 09:47:42 GMT+0530 (India Standard Time) - GET - /tablets 
Fri Apr 09 2021 09:47:51 GMT+0530 (India Standard Time) - GET - /mobiles 
Fri Apr 09 2021 09:53:32 GMT+0530 (India Standard Time) - GET - /carts 
Fri Apr 09 2021 09:56:02 GMT+0530 (India Standard Time) - GET - /carts/Mathan 
Fri Apr 09 2021 09:56:42 GMT+0530 (India Standard Time) - GET - /carts/Mathan 
Fri Apr 09 2021 10:09:05 GMT+0530 (India Standard Time) - POST - /carts 
Fri Apr 09 2021 10:09:27 GMT+0530 (India Standard Time) - POST - /carts 
Fri Apr 09 2021 10:10:31 GMT+0530 (India Standard Time) - POST - /carts 
Fri Apr 09 2021 10:11:13 GMT+0530 (India Standard Time) - POST - /carts 
Fri Apr 09 2021 10:11:21 GMT+0530 (India Standard Time) - GET - /carts 
Fri Apr 09 2021 10:11:33 GMT+0530 (India Standard Time) - POST - /carts 
Fri Apr 09 2021 10:12:03 GMT+0530 (India Standard Time) - POST - /carts 
Fri Apr 09 2021 10:12:28 GMT+0530 (India Standard Time) - POST - /carts 
Fri Apr 09 2021 10:13:13 GMT+0530 (India Standard Time) - POST - /carts 
Fri Apr 09 2021 10:13:40 GMT+0530 (India Standard Time) - POST - /carts 
Fri Apr 09 2021 10:14:14 GMT+0530 (India Standard Time) - POST - /carts 
Fri Apr 09 2021 10:21:02 GMT+0530 (India Standard Time) - POST - /carts 
Fri Apr 09 2021 10:27:27 GMT+0530 (India Standard Time) - POST - /carts 
Fri Apr 09 2021 10:27:49 GMT+0530 (India Standard Time) - GET - /carts 
Fri Apr 09 2021 10:31:19 GMT+0530 (India Standard Time) - POST - /carts 
Fri Apr 09 2021 10:31:30 GMT+0530 (India Standard Time) - POST - /carts 
Fri Apr 09 2021 10:32:14 GMT+0530 (India Standard Time) - POST - /carts 
Fri Apr 09 2021 10:32:19 GMT+0530 (India Standard Time) - POST - /carts 
Fri Apr 09 2021 10:35:37 GMT+0530 (India Standard Time) - POST - /carts 
Fri Apr 09 2021 10:36:01 GMT+0530 (India Standard Time) - POST - /carts 
Fri Apr 09 2021 10:36:11 GMT+0530 (India Standard Time) - POST - /carts 
Fri Apr 09 2021 10:36:21 GMT+0530 (India Standard Time) - POST - /carts 
Fri Apr 09 2021 10:37:44 GMT+0530 (India Standard Time) - POST - /carts 
Fri Apr 09 2021 10:39:26 GMT+0530 (India Standard Time) - POST - /carts 
Fri Apr 09 2021 10:40:38 GMT+0530 (India Standard Time) - POST - /carts 
Fri Apr 09 2021 10:41:00 GMT+0530 (India Standard Time) - GET - /carts 
Fri Apr 09 2021 10:41:17 GMT+0530 (India Standard Time) - POST - /carts 
Fri Apr 09 2021 10:47:04 GMT+0530 (India Standard Time) - PUT - /carts/Mathan 
Fri Apr 09 2021 10:47:31 GMT+0530 (India Standard Time) - PUT - /carts/Mathan 
Fri Apr 09 2021 10:47:53 GMT+0530 (India Standard Time) - GET - /carts 
Fri Apr 09 2021 10:48:10 GMT+0530 (India Standard Time) - PUT - /carts/User542 
Fri Apr 09 2021 12:19:26 GMT+0530 (India Standard Time) - POST - /orders/Mathan 
Fri Apr 09 2021 12:20:09 GMT+0530 (India Standard Time) - POST - /orders/Mathan 
Fri Apr 09 2021 12:22:13 GMT+0530 (India Standard Time) - GET - /orders 
Fri Apr 09 2021 12:22:35 GMT+0530 (India Standard Time) - GET - /orders 
Fri Apr 09 2021 12:23:28 GMT+0530 (India Standard Time) - GET - /orders 
Fri Apr 09 2021 12:24:31 GMT+0530 (India Standard Time) - POST - /orders/Mathan 
Fri Apr 09 2021 12:24:46 GMT+0530 (India Standard Time) - GET - /orders 
Fri Apr 09 2021 12:26:05 GMT+0530 (India Standard Time) - POST - /orders/user123 
Fri Apr 09 2021 12:26:26 GMT+0530 (India Standard Time) - POST - /orders/user 
Fri Apr 09 2021 12:26:39 GMT+0530 (India Standard Time) - POST - /orders/Mathan 
Fri Apr 09 2021 12:27:07 GMT+0530 (India Standard Time) - GET - /carts 
Fri Apr 09 2021 12:27:25 GMT+0530 (India Standard Time) - POST - /orders/User1 
Fri Apr 09 2021 12:29:01 GMT+0530 (India Standard Time) - POST - /orders/User1 
Fri Apr 09 2021 12:29:40 GMT+0530 (India Standard Time) - POST - /orders/User1 
Fri Apr 09 2021 12:30:03 GMT+0530 (India Standard Time) - GET - /orders 
Fri Apr 09 2021 12:30:22 GMT+0530 (India Standard Time) - POST - /orders/Mathan 
Fri Apr 09 2021 12:30:31 GMT+0530 (India Standard Time) - GET - /orders 
Fri Apr 09 2021 12:30:56 GMT+0530 (India Standard Time) - GET - /orders 
Fri Apr 09 2021 12:31:22 GMT+0530 (India Standard Time) - GET - /carts 
Fri Apr 09 2021 12:31:50 GMT+0530 (India Standard Time) - POST - /orders/User542 
Fri Apr 09 2021 12:32:00 GMT+0530 (India Standard Time) - GET - /orders 
Thu Apr 15 2021 17:09:57 GMT+0530 (India Standard Time) - POST - /add 
Thu Apr 15 2021 17:10:40 GMT+0530 (India Standard Time) - POST - /add 
Thu Apr 15 2021 17:11:49 GMT+0530 (India Standard Time) - POST - /add 
Thu Apr 15 2021 17:12:19 GMT+0530 (India Standard Time) - GET - /list 
Thu Apr 15 2021 17:13:19 GMT+0530 (India Standard Time) - GET - /list 
Thu Apr 15 2021 17:13:29 GMT+0530 (India Standard Time) - GET - /list 
